Analysis & Synthesis report for Accelerometer
Mon Apr 08 01:27:35 2019
Quartus Prime Version 17.0.2 Build 602 07/19/2017 SJ Lite Edition


---------------------
; Table of Contents ;
---------------------
  1. Legal Notice
  2. Analysis & Synthesis Summary
  3. Analysis & Synthesis Settings
  4. Parallel Compilation
  5. Analysis & Synthesis Source Files Read
  6. Analysis & Synthesis Resource Usage Summary
  7. Analysis & Synthesis Resource Utilization by Entity
  8. State Machine - |AccelerometerControl|AS
  9. User-Specified and Inferred Latches
 10. General Register Statistics
 11. Multiplexer Restructuring Statistics (Restructuring Performed)
 12. Post-Synthesis Netlist Statistics for Top Partition
 13. Elapsed Time Per Partition
 14. Analysis & Synthesis Messages



----------------
; Legal Notice ;
----------------
Copyright (C) 2017  Intel Corporation. All rights reserved.
Your use of Intel Corporation's design tools, logic functions 
and other software and tools, and its AMPP partner logic 
functions, and any output files from any of the foregoing 
(including device programming or simulation files), and any 
associated documentation or information are expressly subject 
to the terms and conditions of the Intel Program License 
Subscription Agreement, the Intel Quartus Prime License Agreement,
the Intel MegaCore Function License Agreement, or other 
applicable license agreement, including, without limitation, 
that your use is for the sole purpose of programming logic 
devices manufactured by Intel and sold by Intel or its 
authorized distributors.  Please refer to the applicable 
agreement for further details.



+----------------------------------------------------------------------------------+
; Analysis & Synthesis Summary                                                     ;
+------------------------------------+---------------------------------------------+
; Analysis & Synthesis Status        ; Successful - Mon Apr 08 01:27:35 2019       ;
; Quartus Prime Version              ; 17.0.2 Build 602 07/19/2017 SJ Lite Edition ;
; Revision Name                      ; Accelerometer                               ;
; Top-level Entity Name              ; AccelerometerControl                        ;
; Family                             ; MAX 10                                      ;
; Total logic elements               ; 85                                          ;
;     Total combinational functions  ; 70                                          ;
;     Dedicated logic registers      ; 54                                          ;
; Total registers                    ; 54                                          ;
; Total pins                         ; 36                                          ;
; Total virtual pins                 ; 0                                           ;
; Total memory bits                  ; 0                                           ;
; Embedded Multiplier 9-bit elements ; 0                                           ;
; Total PLLs                         ; 0                                           ;
; UFM blocks                         ; 0                                           ;
; ADC blocks                         ; 0                                           ;
+------------------------------------+---------------------------------------------+


+------------------------------------------------------------------------------------------------------------------------+
; Analysis & Synthesis Settings                                                                                          ;
+----------------------------------------------------------------------------+----------------------+--------------------+
; Option                                                                     ; Setting              ; Default Value      ;
+----------------------------------------------------------------------------+----------------------+--------------------+
; Device                                                                     ; 10M50DAF484C7G       ;                    ;
; Top-level entity name                                                      ; AccelerometerControl ; Accelerometer      ;
; Family name                                                                ; MAX 10               ; Cyclone V          ;
; Use smart compilation                                                      ; Off                  ; Off                ;
; Enable parallel Assembler and TimeQuest Timing Analyzer during compilation ; On                   ; On                 ;
; Enable compact report table                                                ; Off                  ; Off                ;
; Restructure Multiplexers                                                   ; Auto                 ; Auto               ;
; Create Debugging Nodes for IP Cores                                        ; Off                  ; Off                ;
; Preserve fewer node names                                                  ; On                   ; On                 ;
; OpenCore Plus hardware evaluation                                          ; Enable               ; Enable             ;
; Verilog Version                                                            ; Verilog_2001         ; Verilog_2001       ;
; VHDL Version                                                               ; VHDL_1993            ; VHDL_1993          ;
; State Machine Processing                                                   ; Auto                 ; Auto               ;
; Safe State Machine                                                         ; Off                  ; Off                ;
; Extract Verilog State Machines                                             ; On                   ; On                 ;
; Extract VHDL State Machines                                                ; On                   ; On                 ;
; Ignore Verilog initial constructs                                          ; Off                  ; Off                ;
; Iteration limit for constant Verilog loops                                 ; 5000                 ; 5000               ;
; Iteration limit for non-constant Verilog loops                             ; 250                  ; 250                ;
; Add Pass-Through Logic to Inferred RAMs                                    ; On                   ; On                 ;
; Infer RAMs from Raw Logic                                                  ; On                   ; On                 ;
; Parallel Synthesis                                                         ; On                   ; On                 ;
; DSP Block Balancing                                                        ; Auto                 ; Auto               ;
; NOT Gate Push-Back                                                         ; On                   ; On                 ;
; Power-Up Don't Care                                                        ; On                   ; On                 ;
; Remove Redundant Logic Cells                                               ; Off                  ; Off                ;
; Remove Duplicate Registers                                                 ; On                   ; On                 ;
; Ignore CARRY Buffers                                                       ; Off                  ; Off                ;
; Ignore CASCADE Buffers                                                     ; Off                  ; Off                ;
; Ignore GLOBAL Buffers                                                      ; Off                  ; Off                ;
; Ignore ROW GLOBAL Buffers                                                  ; Off                  ; Off                ;
; Ignore LCELL Buffers                                                       ; Off                  ; Off                ;
; Ignore SOFT Buffers                                                        ; On                   ; On                 ;
; Limit AHDL Integers to 32 Bits                                             ; Off                  ; Off                ;
; Optimization Technique                                                     ; Balanced             ; Balanced           ;
; Carry Chain Length                                                         ; 70                   ; 70                 ;
; Auto Carry Chains                                                          ; On                   ; On                 ;
; Auto Open-Drain Pins                                                       ; On                   ; On                 ;
; Perform WYSIWYG Primitive Resynthesis                                      ; Off                  ; Off                ;
; Auto ROM Replacement                                                       ; On                   ; On                 ;
; Auto RAM Replacement                                                       ; On                   ; On                 ;
; Auto DSP Block Replacement                                                 ; On                   ; On                 ;
; Auto Shift Register Replacement                                            ; Auto                 ; Auto               ;
; Allow Shift Register Merging across Hierarchies                            ; Auto                 ; Auto               ;
; Auto Clock Enable Replacement                                              ; On                   ; On                 ;
; Strict RAM Replacement                                                     ; Off                  ; Off                ;
; Allow Synchronous Control Signals                                          ; On                   ; On                 ;
; Force Use of Synchronous Clear Signals                                     ; Off                  ; Off                ;
; Auto RAM Block Balancing                                                   ; On                   ; On                 ;
; Auto RAM to Logic Cell Conversion                                          ; Off                  ; Off                ;
; Auto Resource Sharing                                                      ; Off                  ; Off                ;
; Allow Any RAM Size For Recognition                                         ; Off                  ; Off                ;
; Allow Any ROM Size For Recognition                                         ; Off                  ; Off                ;
; Allow Any Shift Register Size For Recognition                              ; Off                  ; Off                ;
; Use LogicLock Constraints during Resource Balancing                        ; On                   ; On                 ;
; Ignore translate_off and synthesis_off directives                          ; Off                  ; Off                ;
; Timing-Driven Synthesis                                                    ; On                   ; On                 ;
; Report Parameter Settings                                                  ; On                   ; On                 ;
; Report Source Assignments                                                  ; On                   ; On                 ;
; Report Connectivity Checks                                                 ; On                   ; On                 ;
; Ignore Maximum Fan-Out Assignments                                         ; Off                  ; Off                ;
; Synchronization Register Chain Length                                      ; 2                    ; 2                  ;
; PowerPlay Power Optimization During Synthesis                              ; Normal compilation   ; Normal compilation ;
; HDL message level                                                          ; Level2               ; Level2             ;
; Suppress Register Optimization Related Messages                            ; Off                  ; Off                ;
; Number of Removed Registers Reported in Synthesis Report                   ; 5000                 ; 5000               ;
; Number of Swept Nodes Reported in Synthesis Report                         ; 5000                 ; 5000               ;
; Number of Inverted Registers Reported in Synthesis Report                  ; 100                  ; 100                ;
; Clock MUX Protection                                                       ; On                   ; On                 ;
; Auto Gated Clock Conversion                                                ; Off                  ; Off                ;
; Block Design Naming                                                        ; Auto                 ; Auto               ;
; SDC constraint protection                                                  ; Off                  ; Off                ;
; Synthesis Effort                                                           ; Auto                 ; Auto               ;
; Shift Register Replacement - Allow Asynchronous Clear Signal               ; On                   ; On                 ;
; Pre-Mapping Resynthesis Optimization                                       ; Off                  ; Off                ;
; Analysis & Synthesis Message Level                                         ; Medium               ; Medium             ;
; Disable Register Merging Across Hierarchies                                ; Auto                 ; Auto               ;
; Resource Aware Inference For Block RAM                                     ; On                   ; On                 ;
+----------------------------------------------------------------------------+----------------------+--------------------+


+------------------------------------------+
; Parallel Compilation                     ;
+----------------------------+-------------+
; Processors                 ; Number      ;
+----------------------------+-------------+
; Number detected on machine ; 4           ;
; Maximum allowed            ; 2           ;
;                            ;             ;
; Average used               ; 1.00        ;
; Maximum used               ; 2           ;
;                            ;             ;
; Usage by Processor         ; % Time Used ;
;     Processor 1            ; 100.0%      ;
;     Processor 2            ;   0.0%      ;
+----------------------------+-------------+


+-------------------------------------------------------------------------------------------------------------------------------------------------------------------------------+
; Analysis & Synthesis Source Files Read                                                                                                                                        ;
+----------------------------------+-----------------+-----------------+----------------------------------------------------------------------------------------------+---------+
; File Name with User-Entered Path ; Used in Netlist ; File Type       ; File Name with Absolute Path                                                                 ; Library ;
+----------------------------------+-----------------+-----------------+----------------------------------------------------------------------------------------------+---------+
; AccelerometerControl.vhd         ; yes             ; User VHDL File  ; C:/Users/schillingdl/Documents/GitHub/DE10-CE2820-SoC/Accelerometer/AccelerometerControl.vhd ;         ;
+----------------------------------+-----------------+-----------------+----------------------------------------------------------------------------------------------+---------+


+---------------------------------------------------------+
; Analysis & Synthesis Resource Usage Summary             ;
+---------------------------------------------+-----------+
; Resource                                    ; Usage     ;
+---------------------------------------------+-----------+
; Estimated Total logic elements              ; 85        ;
;                                             ;           ;
; Total combinational functions               ; 70        ;
; Logic element usage by number of LUT inputs ;           ;
;     -- 4 input functions                    ; 48        ;
;     -- 3 input functions                    ; 16        ;
;     -- <=2 input functions                  ; 6         ;
;                                             ;           ;
; Logic elements by mode                      ;           ;
;     -- normal mode                          ; 70        ;
;     -- arithmetic mode                      ; 0         ;
;                                             ;           ;
; Total registers                             ; 54        ;
;     -- Dedicated logic registers            ; 54        ;
;     -- I/O registers                        ; 0         ;
;                                             ;           ;
; I/O pins                                    ; 36        ;
;                                             ;           ;
; Embedded Multiplier 9-bit elements          ; 0         ;
;                                             ;           ;
; Maximum fan-out node                        ; CLK~input ;
; Maximum fan-out                             ; 54        ;
; Total fan-out                               ; 470       ;
; Average fan-out                             ; 2.40      ;
+---------------------------------------------+-----------+


+-----------------------------------------------------------------------------------------------------------------------------------------------------------------------------------------------------------------------------------------------+
; Analysis & Synthesis Resource Utilization by Entity                                                                                                                                                                                           ;
+----------------------------+---------------------+---------------------------+-------------+------------+--------------+---------+-----------+------+--------------+------------+-----------------------+----------------------+--------------+
; Compilation Hierarchy Node ; Combinational ALUTs ; Dedicated Logic Registers ; Memory Bits ; UFM Blocks ; DSP Elements ; DSP 9x9 ; DSP 18x18 ; Pins ; Virtual Pins ; ADC blocks ; Full Hierarchy Name   ; Entity Name          ; Library Name ;
+----------------------------+---------------------+---------------------------+-------------+------------+--------------+---------+-----------+------+--------------+------------+-----------------------+----------------------+--------------+
; |AccelerometerControl      ; 70 (70)             ; 54 (54)                   ; 0           ; 0          ; 0            ; 0       ; 0         ; 36   ; 0            ; 0          ; |AccelerometerControl ; AccelerometerControl ; work         ;
+----------------------------+---------------------+---------------------------+-------------+------------+--------------+---------+-----------+------+--------------+------------+-----------------------+----------------------+--------------+
Note: For table entries with two numbers listed, the numbers in parentheses indicate the number of resources of the given type used by the specific entity alone. The numbers listed outside of parentheses indicate the total resources of the given type used by the specific entity and all of its sub-entities in the hierarchy.


Encoding Type:  One-Hot
+--------------------------------------------------------------------------------------------------------------------------------------------------------------------------------+
; State Machine - |AccelerometerControl|AS                                                                                                                                       ;
+-----------+----------+-------+-------+-------+-------+-------+-------+-------+-------+-------+-------+-------+-------+-------+-------+---------+----------+-----------+--------+
; Name      ; AS.CSDIS ; AS.D7 ; AS.D6 ; AS.D5 ; AS.D4 ; AS.D3 ; AS.D2 ; AS.D1 ; AS.D0 ; AS.A5 ; AS.A4 ; AS.A3 ; AS.A2 ; AS.A1 ; AS.A0 ; AS.MULB ; AS.READB ; AS.CSWAIT ; AS.OFF ;
+-----------+----------+-------+-------+-------+-------+-------+-------+-------+-------+-------+-------+-------+-------+-------+-------+---------+----------+-----------+--------+
; AS.OFF    ; 0        ; 0     ; 0     ; 0     ; 0     ; 0     ; 0     ; 0     ; 0     ; 0     ; 0     ; 0     ; 0     ; 0     ; 0     ; 0       ; 0        ; 0         ; 0      ;
; AS.CSWAIT ; 0        ; 0     ; 0     ; 0     ; 0     ; 0     ; 0     ; 0     ; 0     ; 0     ; 0     ; 0     ; 0     ; 0     ; 0     ; 0       ; 0        ; 1         ; 1      ;
; AS.READB  ; 0        ; 0     ; 0     ; 0     ; 0     ; 0     ; 0     ; 0     ; 0     ; 0     ; 0     ; 0     ; 0     ; 0     ; 0     ; 0       ; 1        ; 0         ; 1      ;
; AS.MULB   ; 0        ; 0     ; 0     ; 0     ; 0     ; 0     ; 0     ; 0     ; 0     ; 0     ; 0     ; 0     ; 0     ; 0     ; 0     ; 1       ; 0        ; 0         ; 1      ;
; AS.A0     ; 0        ; 0     ; 0     ; 0     ; 0     ; 0     ; 0     ; 0     ; 0     ; 0     ; 0     ; 0     ; 0     ; 0     ; 1     ; 0       ; 0        ; 0         ; 1      ;
; AS.A1     ; 0        ; 0     ; 0     ; 0     ; 0     ; 0     ; 0     ; 0     ; 0     ; 0     ; 0     ; 0     ; 0     ; 1     ; 0     ; 0       ; 0        ; 0         ; 1      ;
; AS.A2     ; 0        ; 0     ; 0     ; 0     ; 0     ; 0     ; 0     ; 0     ; 0     ; 0     ; 0     ; 0     ; 1     ; 0     ; 0     ; 0       ; 0        ; 0         ; 1      ;
; AS.A3     ; 0        ; 0     ; 0     ; 0     ; 0     ; 0     ; 0     ; 0     ; 0     ; 0     ; 0     ; 1     ; 0     ; 0     ; 0     ; 0       ; 0        ; 0         ; 1      ;
; AS.A4     ; 0        ; 0     ; 0     ; 0     ; 0     ; 0     ; 0     ; 0     ; 0     ; 0     ; 1     ; 0     ; 0     ; 0     ; 0     ; 0       ; 0        ; 0         ; 1      ;
; AS.A5     ; 0        ; 0     ; 0     ; 0     ; 0     ; 0     ; 0     ; 0     ; 0     ; 1     ; 0     ; 0     ; 0     ; 0     ; 0     ; 0       ; 0        ; 0         ; 1      ;
; AS.D0     ; 0        ; 0     ; 0     ; 0     ; 0     ; 0     ; 0     ; 0     ; 1     ; 0     ; 0     ; 0     ; 0     ; 0     ; 0     ; 0       ; 0        ; 0         ; 1      ;
; AS.D1     ; 0        ; 0     ; 0     ; 0     ; 0     ; 0     ; 0     ; 1     ; 0     ; 0     ; 0     ; 0     ; 0     ; 0     ; 0     ; 0       ; 0        ; 0         ; 1      ;
; AS.D2     ; 0        ; 0     ; 0     ; 0     ; 0     ; 0     ; 1     ; 0     ; 0     ; 0     ; 0     ; 0     ; 0     ; 0     ; 0     ; 0       ; 0        ; 0         ; 1      ;
; AS.D3     ; 0        ; 0     ; 0     ; 0     ; 0     ; 1     ; 0     ; 0     ; 0     ; 0     ; 0     ; 0     ; 0     ; 0     ; 0     ; 0       ; 0        ; 0         ; 1      ;
; AS.D4     ; 0        ; 0     ; 0     ; 0     ; 1     ; 0     ; 0     ; 0     ; 0     ; 0     ; 0     ; 0     ; 0     ; 0     ; 0     ; 0       ; 0        ; 0         ; 1      ;
; AS.D5     ; 0        ; 0     ; 0     ; 1     ; 0     ; 0     ; 0     ; 0     ; 0     ; 0     ; 0     ; 0     ; 0     ; 0     ; 0     ; 0       ; 0        ; 0         ; 1      ;
; AS.D6     ; 0        ; 0     ; 1     ; 0     ; 0     ; 0     ; 0     ; 0     ; 0     ; 0     ; 0     ; 0     ; 0     ; 0     ; 0     ; 0       ; 0        ; 0         ; 1      ;
; AS.D7     ; 0        ; 1     ; 0     ; 0     ; 0     ; 0     ; 0     ; 0     ; 0     ; 0     ; 0     ; 0     ; 0     ; 0     ; 0     ; 0       ; 0        ; 0         ; 1      ;
; AS.CSDIS  ; 1        ; 0     ; 0     ; 0     ; 0     ; 0     ; 0     ; 0     ; 0     ; 0     ; 0     ; 0     ; 0     ; 0     ; 0     ; 0       ; 0        ; 0         ; 1      ;
+-----------+----------+-------+-------+-------+-------+-------+-------+-------+-------+-------+-------+-------+-------+-------+-------+---------+----------+-----------+--------+


+---------------------------------------------------------------------------------------------------+
; User-Specified and Inferred Latches                                                               ;
+----------------------------------------------------+---------------------+------------------------+
; Latch Name                                         ; Latch Enable Signal ; Free of Timing Hazards ;
+----------------------------------------------------+---------------------+------------------------+
; DATACOUNT[1]                                       ; AS.D0               ; yes                    ;
; DATACOUNT[0]                                       ; AS.D0               ; yes                    ;
; DATACOUNT[2]                                       ; AS.D0               ; yes                    ;
; Number of user-specified and inferred latches = 3  ;                     ;                        ;
+----------------------------------------------------+---------------------+------------------------+
Note: All latches listed above may not be present at the end of synthesis due to various synthesis optimizations.


+------------------------------------------------------+
; General Register Statistics                          ;
+----------------------------------------------+-------+
; Statistic                                    ; Value ;
+----------------------------------------------+-------+
; Total registers                              ; 54    ;
; Number of registers using Synchronous Clear  ; 0     ;
; Number of registers using Synchronous Load   ; 0     ;
; Number of registers using Asynchronous Clear ; 23    ;
; Number of registers using Asynchronous Load  ; 0     ;
; Number of registers using Clock Enable       ; 20    ;
; Number of registers using Preset             ; 0     ;
+----------------------------------------------+-------+


+----------------------------------------------------------------------------------------------------------------------------------------------+
; Multiplexer Restructuring Statistics (Restructuring Performed)                                                                               ;
+--------------------+-----------+---------------+----------------------+------------------------+------------+--------------------------------+
; Multiplexer Inputs ; Bus Width ; Baseline Area ; Area if Restructured ; Saving if Restructured ; Registered ; Example Multiplexer Output     ;
+--------------------+-----------+---------------+----------------------+------------------------+------------+--------------------------------+
; 3:1                ; 4 bits    ; 8 LEs         ; 4 LEs                ; 4 LEs                  ; Yes        ; |AccelerometerControl|COUNT[3] ;
+--------------------+-----------+---------------+----------------------+------------------------+------------+--------------------------------+


+-----------------------------------------------------+
; Post-Synthesis Netlist Statistics for Top Partition ;
+-----------------------+-----------------------------+
; Type                  ; Count                       ;
+-----------------------+-----------------------------+
; boundary_port         ; 36                          ;
; cycloneiii_ff         ; 54                          ;
;     CLR               ; 4                           ;
;     ENA               ; 1                           ;
;     ENA CLR           ; 19                          ;
;     plain             ; 30                          ;
; cycloneiii_lcell_comb ; 70                          ;
;     normal            ; 70                          ;
;         1 data inputs ; 2                           ;
;         2 data inputs ; 4                           ;
;         3 data inputs ; 16                          ;
;         4 data inputs ; 48                          ;
;                       ;                             ;
; Max LUT depth         ; 4.00                        ;
; Average LUT depth     ; 2.15                        ;
+-----------------------+-----------------------------+


+-------------------------------+
; Elapsed Time Per Partition    ;
+----------------+--------------+
; Partition Name ; Elapsed Time ;
+----------------+--------------+
; Top            ; 00:00:00     ;
+----------------+--------------+


+-------------------------------+
; Analysis & Synthesis Messages ;
+-------------------------------+
Info: *******************************************************************
Info: Running Quartus Prime Analysis & Synthesis
    Info: Version 17.0.2 Build 602 07/19/2017 SJ Lite Edition
    Info: Processing started: Mon Apr 08 01:27:21 2019
Info: Command: quartus_map --read_settings_files=on --write_settings_files=off Accelerometer -c Accelerometer
Warning (18236): Number of processors has not been specified which may cause overloading on shared machines.  Set the global assignment NUM_PARALLEL_PROCESSORS in your QSF to an appropriate value for best performance.
Info (20030): Parallel compilation is enabled and will use 2 of the 2 processors detected
Info (12021): Found 2 design units, including 1 entities, in source file /users/schillingdl/documents/classes/freshman year/ce 1911/lab9/controller.vhd
    Info (12022): Found design unit 1: CONTROLLER-BEHAV File: C:/Users/schillingdl/Documents/Classes/Freshman Year/CE 1911/Lab9/CONTROLLER.vhd Line: 30
    Info (12023): Found entity 1: CONTROLLER File: C:/Users/schillingdl/Documents/Classes/Freshman Year/CE 1911/Lab9/CONTROLLER.vhd Line: 19
Info (12021): Found 2 design units, including 1 entities, in source file /users/schillingdl/documents/classes/freshman year/ce 1911/lab4/engine.vhd
    Info (12022): Found design unit 1: engine-BEHAVIORAL File: C:/Users/schillingdl/Documents/Classes/Freshman Year/CE 1911/Lab4/engine.vhd Line: 23
    Info (12023): Found entity 1: engine File: C:/Users/schillingdl/Documents/Classes/Freshman Year/CE 1911/Lab4/engine.vhd Line: 14
Info (12021): Found 2 design units, including 1 entities, in source file /users/schillingdl/documents/github/de10-ce2820-soc/verilog/servo.vhd
    Info (12022): Found design unit 1: Servo-BEHAV File: C:/Users/schillingdl/Documents/GitHub/DE10-CE2820-SoC/verilog/Servo.vhd Line: 22
    Info (12023): Found entity 1: Servo File: C:/Users/schillingdl/Documents/GitHub/DE10-CE2820-SoC/verilog/Servo.vhd Line: 11
Info (12021): Found 2 design units, including 1 entities, in source file accelerometercontrol.vhd
    Info (12022): Found design unit 1: AccelerometerControl-BEHAV File: C:/Users/schillingdl/Documents/GitHub/DE10-CE2820-SoC/Accelerometer/AccelerometerControl.vhd Line: 27
    Info (12023): Found entity 1: AccelerometerControl File: C:/Users/schillingdl/Documents/GitHub/DE10-CE2820-SoC/Accelerometer/AccelerometerControl.vhd Line: 16
Info (12127): Elaborating entity "AccelerometerControl" for the top level hierarchy
Warning (10492): VHDL Process Statement warning at AccelerometerControl.vhd(173): signal "DATACOUNT" is read inside the Process Statement but isn't in the Process Statement's sensitivity list File: C:/Users/schillingdl/Documents/GitHub/DE10-CE2820-SoC/Accelerometer/AccelerometerControl.vhd Line: 173
Warning (10492): VHDL Process Statement warning at AccelerometerControl.vhd(174): signal "DATACOUNT" is read inside the Process Statement but isn't in the Process Statement's sensitivity list File: C:/Users/schillingdl/Documents/GitHub/DE10-CE2820-SoC/Accelerometer/AccelerometerControl.vhd Line: 174
Warning (10631): VHDL Process Statement warning at AccelerometerControl.vhd(152): inferring latch(es) for signal or variable "DATACOUNT", which holds its previous value in one or more paths through the process File: C:/Users/schillingdl/Documents/GitHub/DE10-CE2820-SoC/Accelerometer/AccelerometerControl.vhd Line: 152
Info (10041): Inferred latch for "DATACOUNT[0]" at AccelerometerControl.vhd(152) File: C:/Users/schillingdl/Documents/GitHub/DE10-CE2820-SoC/Accelerometer/AccelerometerControl.vhd Line: 152
Info (10041): Inferred latch for "DATACOUNT[1]" at AccelerometerControl.vhd(152) File: C:/Users/schillingdl/Documents/GitHub/DE10-CE2820-SoC/Accelerometer/AccelerometerControl.vhd Line: 152
Info (10041): Inferred latch for "DATACOUNT[2]" at AccelerometerControl.vhd(152) File: C:/Users/schillingdl/Documents/GitHub/DE10-CE2820-SoC/Accelerometer/AccelerometerControl.vhd Line: 152
Info (286030): Timing-Driven Synthesis is running
Info (16010): Generating hard_block partition "hard_block:auto_generated_inst"
    Info (16011): Adding 0 node(s), including 0 DDIO, 0 PLL, 0 transceiver and 0 LCELL
Info (21057): Implemented 121 device resources after synthesis - the final resource count might be different
    Info (21058): Implemented 3 input pins
    Info (21059): Implemented 33 output pins
    Info (21061): Implemented 85 logic cells
Info: Quartus Prime Analysis & Synthesis was successful. 0 errors, 4 warnings
    Info: Peak virtual memory: 4814 megabytes
    Info: Processing ended: Mon Apr 08 01:27:35 2019
    Info: Elapsed time: 00:00:14
    Info: Total CPU time (on all processors): 00:00:30


