Flow report for DE10_Lite_Computer
Wed Apr 10 13:24:09 2019
Quartus Prime Version 17.0.2 Build 602 07/19/2017 SJ Lite Edition


---------------------
; Table of Contents ;
---------------------
  1. Legal Notice
  2. Flow Summary
  3. Flow Settings
  4. Flow Non-Default Global Settings
  5. Flow Elapsed Time
  6. Flow OS Summary
  7. Flow Log
  8. Flow Messages
  9. Flow Suppressed Messages



----------------
; Legal Notice ;
----------------
Copyright (C) 2017  Intel Corporation. All rights reserved.
Your use of Intel Corporation's design tools, logic functions 
and other software and tools, and its AMPP partner logic 
functions, and any output files from any of the foregoing 
(including device programming or simulation files), and any 
associated documentation or information are expressly subject 
to the terms and conditions of the Intel Program License 
Subscription Agreement, the Intel Quartus Prime License Agreement,
the Intel MegaCore Function License Agreement, or other 
applicable license agreement, including, without limitation, 
that your use is for the sole purpose of programming logic 
devices manufactured by Intel and sold by Intel or its 
authorized distributors.  Please refer to the applicable 
agreement for further details.



+----------------------------------------------------------------------------------+
; Flow Summary                                                                     ;
+------------------------------------+---------------------------------------------+
; Flow Status                        ; Successful - Wed Apr 10 13:23:44 2019       ;
; Quartus Prime Version              ; 17.0.2 Build 602 07/19/2017 SJ Lite Edition ;
; Revision Name                      ; DE10_Lite_Computer                          ;
; Top-level Entity Name              ; DE10_Lite_Computer                          ;
; Family                             ; MAX 10                                      ;
; Device                             ; 10M50DAF484C6GES                            ;
; Timing Models                      ; Preliminary                                 ;
; Total logic elements               ; 12,512 / 49,760 ( 25 % )                    ;
;     Total combinational functions  ; 11,057 / 49,760 ( 22 % )                    ;
;     Dedicated logic registers      ; 7,407 / 49,760 ( 15 % )                     ;
; Total registers                    ; 7476                                        ;
; Total pins                         ; 185 / 360 ( 51 % )                          ;
; Total virtual pins                 ; 0                                           ;
; Total memory bits                  ; 538,169 / 1,677,312 ( 32 % )                ;
; Embedded Multiplier 9-bit elements ; 7 / 288 ( 2 % )                             ;
; Total PLLs                         ; 2 / 4 ( 50 % )                              ;
; UFM blocks                         ; 0 / 1 ( 0 % )                               ;
; ADC blocks                         ; 1 / 2 ( 50 % )                              ;
+------------------------------------+---------------------------------------------+


+-----------------------------------------+
; Flow Settings                           ;
+-------------------+---------------------+
; Option            ; Setting             ;
+-------------------+---------------------+
; Start date & time ; 04/10/2019 13:18:20 ;
; Main task         ; Compilation         ;
; Revision Name     ; DE10_Lite_Computer  ;
+-------------------+---------------------+


+--------------------------------------------------------------------------------------------------------------------------------------------------------+
; Flow Non-Default Global Settings                                                                                                                       ;
+-------------------------------------+-------------------------------------------------------------------+---------------+-----------------+------------+
; Assignment Name                     ; Value                                                             ; Default Value ; Entity Name     ; Section Id ;
+-------------------------------------+-------------------------------------------------------------------+---------------+-----------------+------------+
; COMPILER_SIGNATURE_ID               ; 2543711158273.155492029829356                                     ; --            ; --              ; --         ;
; ENABLE_SIGNALTAP                    ; On                                                                ; --            ; --              ; --         ;
; MAX_CORE_JUNCTION_TEMP              ; 85                                                                ; --            ; --              ; --         ;
; MIN_CORE_JUNCTION_TEMP              ; 0                                                                 ; --            ; --              ; --         ;
; MISC_FILE                           ; Computer_System/synthesis/../Computer_System.cmp                  ; --            ; --              ; --         ;
; MISC_FILE                           ; Computer_System/synthesis/../../Computer_System.qsys              ; --            ; --              ; --         ;
; PARTITION_COLOR                     ; -- (Not supported for targeted family)                            ; --            ; --              ; Top        ;
; PARTITION_FITTER_PRESERVATION_LEVEL ; -- (Not supported for targeted family)                            ; --            ; --              ; Top        ;
; PARTITION_NETLIST_TYPE              ; -- (Not supported for targeted family)                            ; --            ; --              ; Top        ;
; POWER_BOARD_THERMAL_MODEL           ; None (CONSERVATIVE)                                               ; --            ; --              ; --         ;
; POWER_PRESET_COOLING_SOLUTION       ; 23 MM HEAT SINK WITH 200 LFPM AIRFLOW                             ; --            ; --              ; --         ;
; SLD_FILE                            ; Computer_System/synthesis/Computer_System.regmap                  ; --            ; --              ; --         ;
; SLD_FILE                            ; Computer_System/synthesis/Computer_System.debuginfo               ; --            ; --              ; --         ;
; SLD_INFO                            ; QSYS_NAME Computer_System HAS_SOPCINFO 1 GENERATION_ID 1554914251 ; --            ; Computer_System ; --         ;
; SOPCINFO_FILE                       ; Computer_System/synthesis/../../Computer_System.sopcinfo          ; --            ; --              ; --         ;
; SYNTHESIS_ONLY_QIP                  ; On                                                                ; --            ; --              ; --         ;
; USE_SIGNALTAP_FILE                  ; stp1.stp                                                          ; --            ; --              ; --         ;
+-------------------------------------+-------------------------------------------------------------------+---------------+-----------------+------------+


+-------------------------------------------------------------------------------------------------------------------------------+
; Flow Elapsed Time                                                                                                             ;
+---------------------------+--------------+-------------------------+---------------------+------------------------------------+
; Module Name               ; Elapsed Time ; Average Processors Used ; Peak Virtual Memory ; Total CPU Time (on all processors) ;
+---------------------------+--------------+-------------------------+---------------------+------------------------------------+
; Analysis & Synthesis      ; 00:02:22     ; 1.0                     ; 5261 MB             ; 00:02:40                           ;
; Fitter                    ; 00:02:41     ; 1.2                     ; 5585 MB             ; 00:03:25                           ;
; Assembler                 ; 00:00:07     ; 1.0                     ; 4764 MB             ; 00:00:06                           ;
; TimeQuest Timing Analyzer ; 00:00:23     ; 1.6                     ; 4965 MB             ; 00:00:33                           ;
; Total                     ; 00:05:33     ; --                      ; --                  ; 00:06:44                           ;
+---------------------------+--------------+-------------------------+---------------------+------------------------------------+


+-----------------------------------------------------------------------------------------+
; Flow OS Summary                                                                         ;
+---------------------------+------------------+------------+------------+----------------+
; Module Name               ; Machine Hostname ; OS Name    ; OS Version ; Processor type ;
+---------------------------+------------------+------------+------------+----------------+
; Analysis & Synthesis      ; MSOE-5CG7290ZQJ  ; Windows 10 ; 10.0       ; x86_64         ;
; Fitter                    ; MSOE-5CG7290ZQJ  ; Windows 10 ; 10.0       ; x86_64         ;
; Assembler                 ; MSOE-5CG7290ZQJ  ; Windows 10 ; 10.0       ; x86_64         ;
; TimeQuest Timing Analyzer ; MSOE-5CG7290ZQJ  ; Windows 10 ; 10.0       ; x86_64         ;
+---------------------------+------------------+------------+------------+----------------+


------------
; Flow Log ;
------------
quartus_map --read_settings_files=on --write_settings_files=off DE10_Lite_Computer -c DE10_Lite_Computer
quartus_fit --read_settings_files=off --write_settings_files=off DE10_Lite_Computer -c DE10_Lite_Computer
quartus_asm --read_settings_files=off --write_settings_files=off DE10_Lite_Computer -c DE10_Lite_Computer
quartus_sta DE10_Lite_Computer -c DE10_Lite_Computer



